app/build/outputs/logs/manifest-merger-debug-report.txt
-- Merging decision tree log ---
manifest
ADDED from src\main\AndroidManifest.xml:2:1-65:12
	package
		ADDED from src\main\AndroidManifest.xml:3:11-31
		INJECTED from src\main\AndroidManifest.xml
		INJECTED from src\main\AndroidManifest.xml
	android:versionName
		ADDED from src\main\AndroidManifest.xml:5:11-36
		INJECTED from src\main\AndroidManifest.xml
		INJECTED from src\main\AndroidManifest.xml
	android:versionCode
		ADDED from src\main\AndroidManifest.xml:4:11-34
		INJECTED from src\main\AndroidManifest.xml
		INJECTED from src\main\AndroidManifest.xml
	xmlns:android
		ADDED from src\main\AndroidManifest.xml:2:11-69
uses-sdk
ADDED from src\main\AndroidManifest.xml:7:5-9:45
	android:targetSdkVersion
		ADDED from src\main\AndroidManifest.xml:9:13-42
		INJECTED from src\main\AndroidManifest.xml
		INJECTED from src\main\AndroidManifest.xml
	android:minSdkVersion
		ADDED from src\main\AndroidManifest.xml:8:13-39
		INJECTED from src\main\AndroidManifest.xml
		INJECTED from src\main\AndroidManifest.xml
uses-permission#android.permission.INTERNET
ADDED from src\main\AndroidManifest.xml:11:5-67
	android:name
		ADDED from src\main\AndroidManifest.xml:11:22-64
instrumentation#android.test.InstrumentationTestRunner
ADDED from src\main\AndroidManifest.xml:18:5-20:50
	android:targetPackage
		ADDED from src\main\AndroidManifest.xml:20:13-47
	android:name
		ADDED from src\main\AndroidManifest.xml:19:13-66
application
ADDED from src\main\AndroidManifest.xml:22:5-63:19
	android:label
		ADDED from src\main\AndroidManifest.xml:25:13-45
	android:allowBackup
		ADDED from src\main\AndroidManifest.xml:23:13-39
	android:icon
		ADDED from src\main\AndroidManifest.xml:24:13-49
	android:theme
		ADDED from src\main\AndroidManifest.xml:26:13-74
activity#vandy.mooc.view.DownloadWeatherActivity
ADDED from src\main\AndroidManifest.xml:28:9-35:20
	android:label
		ADDED from src\main\AndroidManifest.xml:30:17-49
	android:name
		ADDED from src\main\AndroidManifest.xml:29:17-61
intent-filter#android.intent.action.MAIN+android.intent.category.LAUNCHER
ADDED from src\main\AndroidManifest.xml:31:13-34:29
action#android.intent.action.MAIN
ADDED from src\main\AndroidManifest.xml:32:17-69
	android:name
		ADDED from src\main\AndroidManifest.xml:32:25-66
category#android.intent.category.LAUNCHER
ADDED from src\main\AndroidManifest.xml:33:17-77
	android:name
		ADDED from src\main\AndroidManifest.xml:33:27-74
activity#vandy.mooc.view.DisplayWeatherActivity
ADDED from src\main\AndroidManifest.xml:37:9-45:20
	android:label
		ADDED from src\main\AndroidManifest.xml:39:17-49
	android:name
		ADDED from src\main\AndroidManifest.xml:38:17-60
intent-filter#android.intent.category.DEFAULT+vandy.mooc.intent.action.DISPLAY_WEATHER
ADDED from src\main\AndroidManifest.xml:40:13-44:29
action#vandy.mooc.intent.action.DISPLAY_WEATHER
ADDED from src\main\AndroidManifest.xml:41:17-83
	android:name
		ADDED from src\main\AndroidManifest.xml:41:25-80
category#android.intent.category.DEFAULT
ADDED from src\main\AndroidManifest.xml:42:17-76
	android:name
		ADDED from src\main\AndroidManifest.xml:42:27-73
data
ADDED from src\main\AndroidManifest.xml:43:17-63
	android:mimeType
		ADDED from src\main\AndroidManifest.xml:43:23-60
service#vandy.mooc.model.services.WeatherServiceAsync
ADDED from src\main\AndroidManifest.xml:47:9-49:48
	android:process
		ADDED from src\main\AndroidManifest.xml:49:17-46
	android:name
		ADDED from src\main\AndroidManifest.xml:48:17-67
service#vandy.mooc.model.services.WeatherServiceSync
ADDED from src\main\AndroidManifest.xml:51:9-53:48
	android:process
		ADDED from src\main\AndroidManifest.xml:53:17-46
	android:name
		ADDED from src\main\AndroidManifest.xml:52:17-66
uses-library#android.test.runner
ADDED from src\main\AndroidManifest.xml:61:9-60
	android:name
		ADDED from src\main\AndroidManifest.xml:61:23-57